Arguments: 
  C:\Program Files\nodejs\node.exe C:\Program Files (x86)\Yarn\bin\yarn.js dev

PATH: 
  C:\WINDOWS\system32;C:\WINDOWS;C:\WINDOWS\System32\Wbem;C:\WINDOWS\System32\WindowsPowerShell\v1.0\;D:\wamp64\bin\php\php7.1.6;C:\Users\lijia\AppData\Local\Programs\Git\bin;d:\Program Files (x86)\OpenSSH\bin;D:\Program Files\TortoiseGit\bin;C:\WINDOWS\System32\OpenSSH\;C:\Program Files\nodejs\;C:\Program Files (x86)\Yarn\bin\;C:\Program Files\Docker\Docker\resources\bin;C:\ProgramData\DockerDesktop\version-bin;C:\Users\lijia\.cargo\bin;C:\Users\lijia\AppData\Local\Programs\Python\Python36-32\Scripts\;C:\Users\lijia\AppData\Local\Programs\Python\Python36-32\;F:\Program Files (x86)\anaconda;F:\Program Files (x86)\anaconda\Library\mingw-w64\bin;F:\Program Files (x86)\anaconda\Library\usr\bin;F:\Program Files (x86)\anaconda\Library\bin;F:\Program Files (x86)\anaconda\Scripts;C:\Users\lijia\AppData\Local\Programs\Python\Python37\Scripts\;C:\Users\lijia\AppData\Local\Programs\Python\Python37\;C:\Users\lijia\AppData\Local\Microsoft\WindowsApps;c:\Users\lijia\AppData\Local\Programs\Fiddler;G:\cmder;C:\Users\lijia\AppData\Local\BypassRuntm;C:\Users\lijia\AppData\Roaming\npm;C:\Users\lijia\AppData\Local\hyper\app-3.0.2\resources\bin;d:\Program Files\JetBrains\WebStorm 2019.3.2\bin;;F:\Program Files (x86)\Microsoft VS Code\bin;C:\Users\lijia\AppData\Local\Microsoft\WindowsApps;C:\Program Files\Bandizip\;C:\Users\lijia\AppData\Local\Yarn\bin

Yarn version: 
  1.22.4

Node version: 
  10.16.3

Platform: 
  win32 x64

Trace: 
  SyntaxError: F:\react-koa-demo\app\package.json: Unexpected token / in JSON at position 351
      at JSON.parse (<anonymous>)
      at C:\Program Files (x86)\Yarn\lib\cli.js:1625:59
      at Generator.next (<anonymous>)
      at step (C:\Program Files (x86)\Yarn\lib\cli.js:310:30)
      at C:\Program Files (x86)\Yarn\lib\cli.js:321:13

npm manifest: 
  {
      "name": "react-app",
      "version": "1.0.0",
      "description": "A project with react, webpack, koa",
      "main": "index.js",
      "author": "jiaweilee",
      "private": true,
      "license": "MIT",
      "scripts": {
        "build": "webpack --config config/webpack/config.js",
        "dev": "webpack-dev-server --config config/webpack/config.js"
      //   "dev": "webpack-dev-server --public 10.10.10.61 --watch-poll"
      },
      "devDependencies": {
        "@babel/core": "^7.10.2",
        "@babel/node": "^7.10.1",
        "@babel/preset-react": "^7.10.1",
        "@types/react": "^16.9.35",
        "@types/react-dom": "^16.9.8",
        "@types/webpack": "^4.41.17",
        "@types/webpack-dev-server": "^3.11.0",
        "@typescript-eslint/eslint-plugin": "^3.1.0",
        "@typescript-eslint/parser": "^3.1.0",
        "babel-core": "^6.26.3",
        "babel-loader": "7",
        "babel-plugin-transform-runtime": "^6.23.0",
        "babel-preset-es2015": "^6.24.1",
        "babel-preset-react": "^6.24.1",
        "babel-preset-stage-0": "^6.24.1",
        "compression-webpack-plugin": "^4.0.0",
        "css-loader": "^3.5.3",
        "css-modules-typescript-loader": "^4.0.0",
        "eslint": "^7.1.0",
        "eslint-plugin-babel": "^5.3.0",
        "eslint-plugin-html": "^6.0.2",
        "eslint-plugin-import": "^2.20.2",
        "eslint-plugin-react": "^7.20.0",
        "eslint-plugin-react-hooks": "^4.0.4",
        "file-loader": "^6.0.0",
        "html-webpack-plugin": "^4.3.0",
        "image-webpack-loader": "^6.0.0",
        "less-loader": "^6.1.0",
        "mini-css-extract-plugin": "^0.9.0",
        "prettier": "^2.0.5",
        "progress-bar-webpack-plugin": "^2.1.0",
        "source-map-loader": "^1.0.0",
        "ts-loader": "^7.0.5",
        "ts-node": "^8.10.2",
        "typescript": "^3.9.3",
        "url-loader": "^4.1.0",
        "webpack": "^4.43.0",
        "webpack-bundle-analyzer": "^3.8.0",
        "webpack-cli": "^3.3.11",
        "webpack-dev-server": "^3.11.0"
      },
      "dependencies": {
        "@types/node": "^14.0.11",
        "@types/react-router-dom": "^5.1.5",
        "antd": "^4.3.0",
        "axios": "^0.19.2",
        "jsonwebtoken": "^8.5.1",
        "react": "^16.13.1",
        "react-dom": "^16.13.1",
        "react-router-dom": "^5.2.0"
      }
    }

yarn manifest: 
  No manifest

Lockfile: 
  No lockfile
